<?xml version="1.0" encoding="UTF-8"?>
<!-- Generated by org.testng.reporters.JUnitReportReporter -->
<testsuite hostname="Lokesh" failures="0" tests="3" name="org.page.execution.LoginExecutionT" time="13.309" errors="0" timestamp="2024-09-24T00:22:31 IST" skipped="0">
  <testcase classname="org.page.execution.LoginExecutionT" name="logIn" time="3.403"/>
  <system-out/>
  <testcase classname="org.page.execution.LoginExecutionT" name="logIn" time="3.325"/>
  <system-out/>
  <testcase classname="org.page.execution.LoginExecutionT" name="logIn" time="6.581"/>
  <system-out/>
</testsuite> <!-- org.page.execution.LoginExecutionT -->
