<?xml version="1.0" encoding="UTF-8"?>
<!-- Generated by org.testng.reporters.JUnitReportReporter -->
<testsuite hostname="Lokesh" failures="0" tests="3" name="org.page.execution.LoginExecutionT" time="8.452" errors="0" timestamp="2024-09-21T00:57:42 IST" skipped="0">
  <testcase classname="org.page.execution.LoginExecutionT" name="logIn" time="2.126"/>
  <system-out/>
  <testcase classname="org.page.execution.LoginExecutionT" name="logIn" time="2.230"/>
  <system-out/>
  <testcase classname="org.page.execution.LoginExecutionT" name="logIn" time="4.096"/>
  <system-out/>
</testsuite> <!-- org.page.execution.LoginExecutionT -->
