<?xml version="1.0" encoding="UTF-8"?>
<!-- Generated by org.testng.reporters.JUnitReportReporter -->
<testsuite hostname="Lokesh" failures="0" tests="1" name="org.api.page.WithBDD" time="1.876" errors="0" timestamp="2024-10-01T01:17:06 IST" skipped="0">
  <testcase classname="org.api.page.WithBDD" name="extractbodyFile" time="1.876"/>
</testsuite> <!-- org.api.page.WithBDD -->
