<?xml version="1.0" encoding="UTF-8"?>
<!-- Generated by org.testng.reporters.JUnitReportReporter -->
<testsuite hostname="Lokesh" failures="0" tests="1" name="org.api.page.UsingTestNG" time="3.984" errors="0" timestamp="2024-09-30T01:20:33 IST" skipped="0">
  <testcase classname="org.api.page.UsingTestNG" name="putMethod" time="3.984"/>
</testsuite> <!-- org.api.page.UsingTestNG -->
