<?xml version="1.0" encoding="UTF-8"?>
<!-- Generated by org.testng.reporters.JUnitReportReporter -->
<testsuite hostname="Lokesh" failures="0" tests="3" name="org.page.execution.LoginExecutionT" time="15.444" errors="0" timestamp="2024-09-22T00:55:45 IST" skipped="0">
  <testcase classname="org.page.execution.LoginExecutionT" name="logIn" time="7.909"/>
  <testcase classname="org.page.execution.LoginExecutionT" name="logIn" time="3.766"/>
  <testcase classname="org.page.execution.LoginExecutionT" name="logIn" time="3.769"/>
</testsuite> <!-- org.page.execution.LoginExecutionT -->
