<?xml version="1.0" encoding="UTF-8"?>
<!-- Generated by org.testng.reporters.JUnitReportReporter -->
<testsuite hostname="Lokesh" failures="0" tests="3" name="org.page.execution.LoginExecutionT" time="9.599" errors="0" timestamp="2024-09-24T00:40:56 IST" skipped="0">
  <testcase classname="org.page.execution.LoginExecutionT" name="logIn" time="3.503"/>
  <testcase classname="org.page.execution.LoginExecutionT" name="logIn" time="3.346"/>
  <testcase classname="org.page.execution.LoginExecutionT" name="logIn" time="2.750"/>
</testsuite> <!-- org.page.execution.LoginExecutionT -->
